AndroidPlatformFactory.RegisterBuildPlatforms: UnrealBuildTool.AndroidPlatformSDK has no valid SDK
IOSPlatformFactory.RegisterBuildPlatforms: UnrealBuildTool.IOSPlatformSDK using manually installed SDK
LinuxPlatformFactory.RegisterBuildPlatforms: UnrealBuildTool.LinuxPlatformSDK has no valid SDK
WindowsPlatformFactory.RegisterBuildPlatforms: UnrealBuildTool.WindowsPlatformSDK using manually installed SDK
ProjectFileGenerator.GenerateProjectFiles: Discovering modules, targets and source code for project...
WindowsPlatform.FindVSInstallDirs: Found Visual Studio installation: C:\Program Files (x86)\Microsoft Visual Studio\2019\Community (Product=Microsoft.VisualStudio.Product.Community, Version=16.1.29020.237, Sort=0)
WindowsPlatform.FindToolChainDirs: Found Visual Studio toolchain: C:\Program Files (x86)\Microsoft Visual Studio\2019\Community\VC\Tools\MSVC\14.21.27702 (Version=14.21.27702)
UnrealBuildTool.Main: ERROR: Windows SDK must be installed in order to build this target.
UnrealBuildTool.Main: BuildException: Windows SDK must be installed in order to build this target.
UnrealBuildTool.Main:    場所 UnrealBuildTool.VCEnvironment.Create(WindowsCompiler Compiler, UnrealTargetPlatform Platform, WindowsArchitecture Architecture, String CompilerVersion, String WindowsSdkVersion) 場所 D:\Build\++UE4\Sync\Engine\Saved\CsTools\Engine\Source\Programs\UnrealBuildTool\Platform\Windows\VCEnvironment.cs:行 507
UnrealBuildTool.Main:    場所 UnrealBuildTool.WindowsPlatform.ValidateTarget(TargetRules Target) 場所 D:\Build\++UE4\Sync\Engine\Saved\CsTools\Engine\Source\Programs\UnrealBuildTool\Platform\Windows\UEBuildWindows.cs:行 714
UnrealBuildTool.Main:    場所 UnrealBuildTool.RulesAssembly.CreateTargetRulesInstance(String TypeName, TargetInfo TargetInfo) 場所 D:\Build\++UE4\Sync\Engine\Saved\CsTools\Engine\Source\Programs\UnrealBuildTool\System\RulesAssembly.cs:行 565
UnrealBuildTool.Main:    場所 UnrealBuildTool.RulesAssembly.CreateTargetRules(String TargetName, UnrealTargetPlatform Platform, UnrealTargetConfiguration Configuration, String Architecture, FileReference ProjectFile, CommandLineArguments Arguments) 場所 D:\Build\++UE4\Sync\Engine\Saved\CsTools\Engine\Source\Programs\UnrealBuildTool\System\RulesAssembly.cs:行 625
UnrealBuildTool.Main:    場所 UnrealBuildTool.ProjectFileGenerator.AddProjectsForAllTargets(PlatformProjectGeneratorCollection PlatformProjectGenerators, List`1 AllGames, List`1 AllTargetFiles, ProjectFile& EngineProject, ProjectFile& EnterpriseProject, List`1& GameProjects, Dictionary`2& ProgramProjects) 場所 D:\Build\++UE4\Sync\Engine\Saved\CsTools\Engine\Source\Programs\UnrealBuildTool\ProjectFiles\ProjectFileGenerator.cs:行 2224
UnrealBuildTool.Main:    場所 UnrealBuildTool.ProjectFileGenerator.GenerateProjectFiles(PlatformProjectGeneratorCollection PlatformProjectGenerators, String[] Arguments) 場所 D:\Build\++UE4\Sync\Engine\Saved\CsTools\Engine\Source\Programs\UnrealBuildTool\ProjectFiles\ProjectFileGenerator.cs:行 720
UnrealBuildTool.Main:    場所 UnrealBuildTool.GenerateProjectFilesMode.Execute(CommandLineArguments Arguments) 場所 D:\Build\++UE4\Sync\Engine\Saved\CsTools\Engine\Source\Programs\UnrealBuildTool\Modes\GenerateProjectFilesMode.cs:行 176
UnrealBuildTool.Main:    場所 UnrealBuildTool.UnrealBuildTool.Main(String[] ArgumentsArray) 場所 D:\Build\++UE4\Sync\Engine\Saved\CsTools\Engine\Source\Programs\UnrealBuildTool\UnrealBuildTool.cs:行 517
Timeline.Print: Timeline:
Timeline.Print: 
Timeline.Print: [ 0.000]
Timeline.Print: [ 0.000](+0.029) <unknown>
Timeline.Print: [ 0.029](+0.105) XmlConfig.ReadConfigFiles()
Timeline.Print: [ 0.135](+0.000) SingleInstanceMutex.Acquire()
Timeline.Print: [ 0.135](+0.076) UEBuildPlatform.RegisterPlatforms()
Timeline.Print:   0.135          [ 0.000](+0.040) Initializing InstalledPlatformInfo
Timeline.Print:   0.176          [ 0.041](+0.000) Querying types
Timeline.Print:   0.178          [ 0.043](+0.002) MacPlatformFactory
Timeline.Print:   0.181          [ 0.046](+0.000) TVOSPlatformFactory
Timeline.Print:   0.181          [ 0.046](+0.010) AndroidPlatformFactory
Timeline.Print:   0.192          [ 0.057](+0.000) HoloLensPlatformFactory
Timeline.Print:   0.192          [ 0.057](+0.014) IOSPlatformFactory
Timeline.Print:   0.207          [ 0.072](+0.002) LinuxPlatformFactory
Timeline.Print:   0.210          [ 0.074](+0.000) LuminPlatformFactory
Timeline.Print:   0.210          [ 0.075](+0.001) WindowsPlatformFactory
Timeline.Print: [ 0.211](+0.409) <unknown>
Timeline.Print: [ 0.621](+0.002) Finding engine modules
Timeline.Print: [ 0.624](+0.002) Finding plugin modules
Timeline.Print: [ 0.626](+0.049) <unknown>
Timeline.Print: [ 0.676](+0.000) Finding program modules
Timeline.Print: [ 0.676](+0.000) Finding program targets
Timeline.Print: [ 0.676](+0.050) <unknown>
Timeline.Print: [ 0.727](+0.000) FileMetadataPrefetch.Stop()
Timeline.Print: [ 0.729]
